<?xml version="1.0" encoding="UTF-8"?>
<testng-results ignored="0" total="1" passed="1" failed="0" skipped="0">
  <reporter-output>
    <line>
      <![CDATA[create campaign]]>
    </line>
  </reporter-output>
  <suite started-at="2024-09-02T10:39:57 IST" name="Suite" finished-at="2024-09-02T10:39:57 IST" duration-ms="88">
    <groups>
    </groups>
    <test started-at="2024-09-02T10:39:57 IST" name="Test" finished-at="2024-09-02T10:39:57 IST" duration-ms="88">
      <class name="com.zolo.testscripts.CreateCampaign">
        <test-method signature="CreateCampaign1()[pri:0, instance:com.zolo.testscripts.CreateCampaign@53fdffa1]" started-at="2024-09-02T10:39:57 IST" name="CreateCampaign1" finished-at="2024-09-02T10:39:57 IST" duration-ms="16" status="PASS">
          <reporter-output>
            <line>
              <![CDATA[create campaign]]>
            </line>
          </reporter-output>
        </test-method> <!-- CreateCampaign1 -->
      </class> <!-- com.zolo.testscripts.CreateCampaign -->
    </test> <!-- Test -->
  </suite> <!-- Suite -->
</testng-results>
